<?xml version="1.0" encoding="UTF-8"?>
<!-- Generated by org.testng.reporters.JUnitXMLReporter -->
<testsuite ignored="0" hostname="DESKTOP-J2L11FB" failures="1" tests="14" name="DemoTest" time="132.266" errors="0" timestamp="2024-11-07T11:31:53 IST">
  <testcase classname="testScripts.LoginTest" name="Verify_valid_Login_Functionality" time="4.646"/>
  <testcase classname="testScripts.LoginTest" name="Verify_Invalid_Login_Functionality" time="11.473"/>
  <testcase classname="testScripts.LoginTest" name="Verify_Invalid_Login_Functionality" time="8.351"/>
  <testcase classname="testScripts.LoginTest" name="Verify_Login_with_empty_username" time="8.351"/>
  <testcase classname="testScripts.LoginTest" name="Verify_Login_with_empty_password" time="7.479"/>
  <testcase classname="testScripts.CartPageTest" name="VerifyCheckoutBtnClicable" time="2.926"/>
  <testcase classname="testScripts.InventoryPageTest" name="verifyCarytbtnClicable" time="7.037"/>
  <testcase classname="testScripts.InventoryPageTest" name="VerifyCartContainer" time="2.206"/>
  <testcase classname="testScripts.CheckoutPageTest" name="Verify_CheckOut_With_Valid_Credentials" time="3.944"/>
  <testcase classname="testScripts.CheckoutPageTest" name="Verify_CheckOut_With_empty_firstname" time="8.404"/>
  <testcase classname="testScripts.CheckoutPageTest" name="Verify_CheckOut_With_invalid_postalcode" time="10.756">
    <failure type="java.lang.AssertionError" message="expected [true] but found [false]">
      <![CDATA[java.lang.AssertionError: expected [true] but found [false]
at testScripts.CheckoutPageTest.Verify_CheckOut_With_invalid_postalcode(CheckoutPageTest.java:94)
at java.base/java.util.ArrayList.forEach(ArrayList.java:1511)
... Removed 29 stack frames]]>
    </failure>
  </testcase> <!-- Verify_CheckOut_With_invalid_postalcode -->
  <testcase classname="testScripts.CheckoutPageTest" name="Verify_CheckOut_With_empty_postalcode" time="8.51"/>
  <testcase classname="testScripts.FinishPageTest" name="verifyFinishBtn" time="5.952"/>
  <testcase classname="testScripts.LogoutPageTest" name="verifyLogout" time="4.755"/>
</testsuite> <!-- DemoTest -->
