<html>
<head>
<title>TestNG:  DemoTest</title>
<link href="../testng.css" rel="stylesheet" type="text/css" />
<link href="../my-testng.css" rel="stylesheet" type="text/css" />

<style type="text/css">
.log { display: none;} 
.stack-trace { display: none;} 
</style>
<script type="text/javascript">
<!--
function flip(e) {
  current = e.style.display;
  if (current == 'block') {
    e.style.display = 'none';
    return 0;
  }
  else {
    e.style.display = 'block';
    return 1;
  }
}

function toggleBox(szDivId, elem, msg1, msg2)
{
  var res = -1;  if (document.getElementById) {
    res = flip(document.getElementById(szDivId));
  }
  else if (document.all) {
    // this is the way old msie versions work
    res = flip(document.all[szDivId]);
  }
  if(elem) {
    if(res == 0) elem.innerHTML = msg1; else elem.innerHTML = msg2;
  }

}

function toggleAllBoxes() {
  if (document.getElementsByTagName) {
    d = document.getElementsByTagName('div');
    for (i = 0; i < d.length; i++) {
      if (d[i].className == 'log') {
        flip(d[i]);
      }
    }
  }
}

// -->
</script>

</head>
<body>
<h2 align='center'>DemoTest</h2><table border='1' align="center">
<tr>
<td>Tests passed/Failed/Skipped:</td><td>13/1/0</td>
</tr><tr>
<td>Started on:</td><td>Thu Nov 07 11:29:41 IST 2024</td>
</tr>
<tr><td>Total time:</td><td>132 seconds (132266 ms)</td>
</tr><tr>
<td>Included groups:</td><td></td>
</tr><tr>
<td>Excluded groups:</td><td></td>
</tr>
</table><p/>
<small><i>(Hover the method name to see the test class name)</i></small><p/>
<table width='100%' border='1' class='invocation-failed'>
<tr><td colspan='4' align='center'><b>FAILED TESTS</b></td></tr>
<tr><td><b>Test method</b></td>
<td><b>Attribute(s)</b></td>
<td width="30%"><b>Exception</b></td>
<td width="10%"><b>Time (seconds)</b></td>
<td><b>Instance</b></td>
</tr>
<tr>
<td title='testScripts.CheckoutPageTest.Verify_CheckOut_With_invalid_postalcode()'><b>Verify_CheckOut_With_invalid_postalcode</b><br>Test class: testScripts.CheckoutPageTest<br>Parameters: siddhant, adaskar, Alandi road</td>
<td><div><pre>java.lang.AssertionError: expected [true] but found [false]
	at testScripts.CheckoutPageTest.Verify_CheckOut_With_invalid_postalcode(CheckoutPageTest.java:94)
	at java.base/java.util.ArrayList.forEach(ArrayList.java:1511)
... Removed 29 stack frames</pre></div><a href='#' onClick='toggleBox("stack-trace1563699545", this, "Click to show all stack frames", "Click to hide stack frames")'>Click to show all stack frames</a>
<div class='stack-trace' id='stack-trace1563699545'><pre>java.lang.AssertionError: expected [true] but found [false]
	at org.testng.Assert.fail(Assert.java:111)
	at org.testng.Assert.failNotEquals(Assert.java:1578)
	at org.testng.Assert.assertTrue(Assert.java:57)
	at org.testng.Assert.assertTrue(Assert.java:67)
	at testScripts.CheckoutPageTest.Verify_CheckOut_With_invalid_postalcode(CheckoutPageTest.java:94)
	at java.base/jdk.internal.reflect.DirectMethodHandleAccessor.invoke(DirectMethodHandleAccessor.java:104)
	at java.base/java.lang.reflect.Method.invoke(Method.java:578)
	at org.testng.internal.invokers.MethodInvocationHelper.invokeMethod(MethodInvocationHelper.java:139)
	at org.testng.internal.invokers.TestInvoker.invokeMethod(TestInvoker.java:664)
	at org.testng.internal.invokers.TestInvoker.invokeTestMethod(TestInvoker.java:228)
	at org.testng.internal.invokers.MethodRunner.runInSequence(MethodRunner.java:63)
	at org.testng.internal.invokers.TestInvoker$MethodInvocationAgent.invoke(TestInvoker.java:961)
	at org.testng.internal.invokers.TestInvoker.invokeTestMethods(TestInvoker.java:201)
	at org.testng.internal.invokers.TestMethodWorker.invokeTestMethods(TestMethodWorker.java:148)
	at org.testng.internal.invokers.TestMethodWorker.run(TestMethodWorker.java:128)
	at java.base/java.util.ArrayList.forEach(ArrayList.java:1511)
	at org.testng.TestRunner.privateRun(TestRunner.java:819)
	at org.testng.TestRunner.run(TestRunner.java:619)
	at org.testng.SuiteRunner.runTest(SuiteRunner.java:443)
	at org.testng.SuiteRunner.runSequentially(SuiteRunner.java:437)
	at org.testng.SuiteRunner.privateRun(SuiteRunner.java:397)
	at org.testng.SuiteRunner.run(SuiteRunner.java:336)
	at org.testng.SuiteRunnerWorker.runSuite(SuiteRunnerWorker.java:52)
	at org.testng.SuiteRunnerWorker.run(SuiteRunnerWorker.java:95)
	at org.testng.TestNG.runSuitesSequentially(TestNG.java:1301)
	at org.testng.TestNG.runSuitesLocally(TestNG.java:1228)
	at org.testng.TestNG.runSuites(TestNG.java:1134)
	at org.testng.TestNG.run(TestNG.java:1101)
	at org.testng.remote.AbstractRemoteTestNG.run(AbstractRemoteTestNG.java:115)
	at org.testng.remote.RemoteTestNG.initAndRun(RemoteTestNG.java:251)
	at org.testng.remote.RemoteTestNG.main(RemoteTestNG.java:77)
</pre></div></td>
<td>10</td>
<td>testScripts.CheckoutPageTest@70325e14</td></tr>
</table><p>
<table width='100%' border='1' class='invocation-passed'>
<tr><td colspan='4' align='center'><b>PASSED TESTS</b></td></tr>
<tr><td><b>Test method</b></td>
<td><b>Attribute(s)</b></td>
<td width="30%"><b>Exception</b></td>
<td width="10%"><b>Time (seconds)</b></td>
<td><b>Instance</b></td>
</tr>
<tr>
<td title='testScripts.FinishPageTest.verifyFinishBtn()'><b>verifyFinishBtn</b><br>Test class: testScripts.FinishPageTest</td>
<td></td>
<td>5</td>
<td>testScripts.FinishPageTest@7c9d8e2</td></tr>
<tr>
<td title='testScripts.CheckoutPageTest.Verify_CheckOut_With_empty_firstname()'><b>Verify_CheckOut_With_empty_firstname</b><br>Test class: testScripts.CheckoutPageTest<br>Parameters: , adaskar, 412105</td>
<td></td>
<td>8</td>
<td>testScripts.CheckoutPageTest@70325e14</td></tr>
<tr>
<td title='testScripts.InventoryPageTest.VerifyCartContainer()'><b>VerifyCartContainer</b><br>Test class: testScripts.InventoryPageTest</td>
<td></td>
<td>2</td>
<td>testScripts.InventoryPageTest@2df3b89c</td></tr>
<tr>
<td title='testScripts.LoginTest.Verify_valid_Login_Functionality()'><b>Verify_valid_Login_Functionality</b><br>Test class: testScripts.LoginTest<br>Parameters: standard_user, secret_sauce</td>
<td></td>
<td>4</td>
<td>testScripts.LoginTest@d35dea7</td></tr>
<tr>
<td title='testScripts.CartPageTest.VerifyCheckoutBtnClicable()'><b>VerifyCheckoutBtnClicable</b><br>Test class: testScripts.CartPageTest</td>
<td></td>
<td>2</td>
<td>testScripts.CartPageTest@38afe297</td></tr>
<tr>
<td title='testScripts.LoginTest.Verify_Login_with_empty_password()'><b>Verify_Login_with_empty_password</b><br>Test class: testScripts.LoginTest<br>Parameters: standard_users, </td>
<td></td>
<td>7</td>
<td>testScripts.LoginTest@d35dea7</td></tr>
<tr>
<td title='testScripts.LoginTest.Verify_Invalid_Login_Functionality()'><b>Verify_Invalid_Login_Functionality</b><br>Test class: testScripts.LoginTest<br>Parameters: standard_users, admin123</td>
<td></td>
<td>8</td>
<td>testScripts.LoginTest@d35dea7</td></tr>
<tr>
<td title='testScripts.LoginTest.Verify_Invalid_Login_Functionality()'><b>Verify_Invalid_Login_Functionality</b><br>Test class: testScripts.LoginTest<br>Parameters: admin123, secret_sauce</td>
<td></td>
<td>11</td>
<td>testScripts.LoginTest@d35dea7</td></tr>
<tr>
<td title='testScripts.CheckoutPageTest.Verify_CheckOut_With_empty_postalcode()'><b>Verify_CheckOut_With_empty_postalcode</b><br>Test class: testScripts.CheckoutPageTest<br>Parameters: siddhant, adaskar, </td>
<td></td>
<td>8</td>
<td>testScripts.CheckoutPageTest@70325e14</td></tr>
<tr>
<td title='testScripts.InventoryPageTest.verifyCarytbtnClicable()'><b>verifyCarytbtnClicable</b><br>Test class: testScripts.InventoryPageTest</td>
<td></td>
<td>7</td>
<td>testScripts.InventoryPageTest@2df3b89c</td></tr>
<tr>
<td title='testScripts.CheckoutPageTest.Verify_CheckOut_With_Valid_Credentials()'><b>Verify_CheckOut_With_Valid_Credentials</b><br>Test class: testScripts.CheckoutPageTest<br>Parameters: siddhant, adaskar, 412105</td>
<td></td>
<td>3</td>
<td>testScripts.CheckoutPageTest@70325e14</td></tr>
<tr>
<td title='testScripts.LogoutPageTest.verifyLogout()'><b>verifyLogout</b><br>Test class: testScripts.LogoutPageTest</td>
<td></td>
<td>4</td>
<td>testScripts.LogoutPageTest@6200f9cb</td></tr>
<tr>
<td title='testScripts.LoginTest.Verify_Login_with_empty_username()'><b>Verify_Login_with_empty_username</b><br>Test class: testScripts.LoginTest<br>Parameters: , secret_sauce</td>
<td></td>
<td>8</td>
<td>testScripts.LoginTest@d35dea7</td></tr>
</table><p>
</body>
</html>